2024-10-16 10:06:33,439 INFO o.a.j.u.JMeterUtils: Setting Locale to en_EN
2024-10-16 10:06:33,463 INFO o.a.j.JMeter: Loading user properties from: /opt/homebrew/Cellar/jmeter/5.6.3/libexec/bin/user.properties
2024-10-16 10:06:33,463 INFO o.a.j.JMeter: Loading system properties from: /opt/homebrew/Cellar/jmeter/5.6.3/libexec/bin/system.properties
2024-10-16 10:06:33,466 INFO o.a.j.JMeter: Copyright (c) 1998-2024 The Apache Software Foundation
2024-10-16 10:06:33,466 INFO o.a.j.JMeter: Version 5.6.3
2024-10-16 10:06:33,466 INFO o.a.j.JMeter: java.version=21.0.4
2024-10-16 10:06:33,466 INFO o.a.j.JMeter: java.vm.name=OpenJDK 64-Bit Server VM
2024-10-16 10:06:33,466 INFO o.a.j.JMeter: os.name=Mac OS X
2024-10-16 10:06:33,466 INFO o.a.j.JMeter: os.arch=aarch64
2024-10-16 10:06:33,466 INFO o.a.j.JMeter: os.version=14.7
2024-10-16 10:06:33,466 INFO o.a.j.JMeter: file.encoding=UTF-8
2024-10-16 10:06:33,466 INFO o.a.j.JMeter: java.awt.headless=null
2024-10-16 10:06:33,466 INFO o.a.j.JMeter: Max memory     =1073741824
2024-10-16 10:06:33,466 INFO o.a.j.JMeter: Available Processors =11
2024-10-16 10:06:33,471 INFO o.a.j.JMeter: Default Locale=English (EN)
2024-10-16 10:06:33,471 INFO o.a.j.JMeter: JMeter  Locale=English (EN)
2024-10-16 10:06:33,471 INFO o.a.j.JMeter: JMeterHome=/opt/homebrew/Cellar/jmeter/5.6.3/libexec
2024-10-16 10:06:33,471 INFO o.a.j.JMeter: user.dir  =/Users/ab000340/personal-workspace/Master’s.Programme.in.Software.Engineering/02.Autumn.2024/Applied.Cloud.Computin.And.Big.Data/quizes/05.Build.Something/project-101/tracker-web
2024-10-16 10:06:33,471 INFO o.a.j.JMeter: PWD       =/Users/ab000340/personal-workspace/Master’s.Programme.in.Software.Engineering/02.Autumn.2024/Applied.Cloud.Computin.And.Big.Data/quizes/05.Build.Something/project-101/tracker-web
2024-10-16 10:06:33,472 INFO o.a.j.JMeter: IP: 10.188.9.248 Name: WCAR-C647R3GH FullName: 10.188.9.248
2024-10-16 10:06:33,479 INFO o.a.j.JMeter: Loaded icon properties from org/apache/jmeter/images/icon.properties
2024-10-16 10:06:33,958 INFO o.a.j.JMeterGuiLauncher: Setting LAF to: com.github.weisj.darklaf.DarkLaf:com.github.weisj.darklaf.theme.DarculaTheme
2024-10-16 10:06:34,995 INFO o.a.j.r.ClassFinder: Will scan jar /opt/homebrew/Cellar/jmeter/5.6.3/libexec/lib/ext/jmeter-plugins-manager-1.9.jar with filter ExtendsClassFilter [parents=[interface org.apache.jmeter.gui.action.Command], inner=false, contains=null, notContains=null]. Consider exposing JMeter plugins via META-INF/services, and add JMeter-Skip-Class-Scanning=true manifest attribute so JMeter can skip classfile scanning
2024-10-16 10:06:35,052 INFO o.a.j.r.ClassFinder: Will scan jar /opt/homebrew/Cellar/jmeter/5.6.3/libexec/lib/ext/jmeter-plugins-manager-1.9.jar with filter ExtendsClassFilter [parents=[interface org.apache.jmeter.gui.plugin.MenuCreator], inner=false, contains=null, notContains=null]. Consider exposing JMeter plugins via META-INF/services, and add JMeter-Skip-Class-Scanning=true manifest attribute so JMeter can skip classfile scanning
2024-10-16 10:06:35,110 INFO o.j.r.JARSourceHTTP: Requesting https://jmeter-plugins.org/repo/?installID=mac_os_x-e1f43f135f9b9e03d55c563811d7fea7-gui
2024-10-16 10:06:36,754 INFO o.j.r.PluginManager: Plugins Status: [jpgc-plugins-manager=1.9, jmeter-core=5.6.3, jmeter-ftp=5.6.3, jmeter-http=5.6.3, jmeter-jdbc=5.6.3, jmeter-jms=5.6.3, jmeter-junit=5.6.3, jmeter-java=5.6.3, jmeter-ldap=5.6.3, jmeter-mail=5.6.3, jmeter-mongodb=5.6.3, jmeter-native=5.6.3, jmeter-tcp=5.6.3, jmeter-components=5.6.3]
2024-10-16 10:06:36,755 INFO o.j.r.PluginManagerMenuItem: Plugins Manager has upgrades: [jpgc-plugins-manager]
2024-10-16 10:07:06,933 INFO o.a.j.s.FileServer: Default base='/Users/ab000340/personal-workspace/Master’s.Programme.in.Software.Engineering/02.Autumn.2024/Applied.Cloud.Computin.And.Big.Data/quizes/05.Build.Something/project-101/tracker-web'
2024-10-16 10:07:06,935 INFO o.a.j.g.a.Load: Loading file: /Users/ab000340/Desktop/gldm.jmx
2024-10-16 10:07:06,935 INFO o.a.j.s.FileServer: Set new base='/Users/ab000340/Desktop'
2024-10-16 10:07:07,019 INFO o.a.j.s.SaveService: Testplan (JMX) version: 2.2. Testlog (JTL) version: 2.2
2024-10-16 10:07:07,025 INFO o.a.j.s.SaveService: Using SaveService properties version 5.0
2024-10-16 10:07:07,026 INFO o.a.j.s.SaveService: Using SaveService properties file encoding UTF-8
2024-10-16 10:07:07,027 INFO o.a.j.s.SaveService: Loading file: /Users/ab000340/Desktop/gldm.jmx
2024-10-16 10:07:07,069 INFO o.a.j.p.h.s.HTTPSamplerBase: Parser for text/html is org.apache.jmeter.protocol.http.parser.LagartoBasedHtmlParser
2024-10-16 10:07:07,069 INFO o.a.j.p.h.s.HTTPSamplerBase: Parser for application/xhtml+xml is org.apache.jmeter.protocol.http.parser.LagartoBasedHtmlParser
2024-10-16 10:07:07,069 INFO o.a.j.p.h.s.HTTPSamplerBase: Parser for application/xml is org.apache.jmeter.protocol.http.parser.LagartoBasedHtmlParser
2024-10-16 10:07:07,069 INFO o.a.j.p.h.s.HTTPSamplerBase: Parser for text/xml is org.apache.jmeter.protocol.http.parser.LagartoBasedHtmlParser
2024-10-16 10:07:07,069 INFO o.a.j.p.h.s.HTTPSamplerBase: Parser for text/vnd.wap.wml is org.apache.jmeter.protocol.http.parser.RegexpHTMLParser
2024-10-16 10:07:07,069 INFO o.a.j.p.h.s.HTTPSamplerBase: Parser for text/css is org.apache.jmeter.protocol.http.parser.CssParser
2024-10-16 10:07:07,152 INFO o.a.j.s.SampleResult: Note: Sample TimeStamps are START times
2024-10-16 10:07:07,152 INFO o.a.j.s.SampleResult: sampleresult.default.encoding is set to UTF-8
2024-10-16 10:07:07,152 INFO o.a.j.s.SampleResult: sampleresult.useNanoTime=true
2024-10-16 10:07:07,152 INFO o.a.j.s.SampleResult: sampleresult.nanoThreadSleep=5000
2024-10-16 10:07:07,196 INFO o.a.j.r.ClassFinder: Will scan jar /opt/homebrew/Cellar/jmeter/5.6.3/libexec/lib/ext/jmeter-plugins-manager-1.9.jar with filter ExtendsClassFilter [parents=[interface org.apache.jmeter.visualizers.ResultRenderer], inner=false, contains=null, notContains=null]. Consider exposing JMeter plugins via META-INF/services, and add JMeter-Skip-Class-Scanning=true manifest attribute so JMeter can skip classfile scanning
2024-10-16 10:07:07,209 INFO o.a.j.r.ClassFinder: Will scan jar /opt/homebrew/Cellar/jmeter/5.6.3/libexec/lib/ext/jmeter-plugins-manager-1.9.jar with filter ExtendsClassFilter [parents=[interface org.apache.jmeter.visualizers.RequestView], inner=false, contains=null, notContains=null]. Consider exposing JMeter plugins via META-INF/services, and add JMeter-Skip-Class-Scanning=true manifest attribute so JMeter can skip classfile scanning
2024-10-16 10:07:07,248 INFO o.a.j.s.FileServer: Set new base='/Users/ab000340/Desktop'
2024-10-16 10:07:58,057 INFO o.a.j.e.StandardJMeterEngine: Running the test!
2024-10-16 10:07:58,058 INFO o.a.j.s.SampleEvent: List of sample_variables: []
2024-10-16 10:07:58,058 INFO o.a.j.s.SampleEvent: List of sample_variables: []
2024-10-16 10:07:58,059 INFO o.a.j.e.u.CompoundVariable: Note: Function class names must contain the string: '.functions.'
2024-10-16 10:07:58,059 INFO o.a.j.e.u.CompoundVariable: Note: Function class names must not contain the string: '.gui.'
2024-10-16 10:07:58,097 INFO o.a.j.r.ClassFinder: Will scan jar /opt/homebrew/Cellar/jmeter/5.6.3/libexec/lib/ext/jmeter-plugins-manager-1.9.jar with filter ExtendsClassFilter [parents=[interface org.apache.jmeter.functions.Function], inner=false, contains=null, notContains=null]. Consider exposing JMeter plugins via META-INF/services, and add JMeter-Skip-Class-Scanning=true manifest attribute so JMeter can skip classfile scanning
2024-10-16 10:08:00,159 INFO o.a.j.e.StandardJMeterEngine: Running the test!
2024-10-16 10:08:00,160 INFO o.a.j.s.SampleEvent: List of sample_variables: []
2024-10-16 10:08:00,764 WARN o.a.j.r.ResultCollector: Error creating directories for /System/Volumes/Data/home/ab000541/Desktop/WCAR/amarok-gameday
2024-10-16 10:08:03,499 WARN o.a.j.r.ResultCollector: Error creating directories for /System/Volumes/Data/home/ab000541/Desktop/WCAR/amarok-gameday
2024-10-16 10:08:03,589 INFO o.a.j.g.u.JMeterMenuBar: setRunning(true, *local*)
2024-10-16 10:08:03,628 INFO o.a.j.e.StandardJMeterEngine: Starting ThreadGroup: 1 : GLDM
2024-10-16 10:08:03,628 INFO o.a.j.e.StandardJMeterEngine: Starting 10 threads for group GLDM.
2024-10-16 10:08:03,628 INFO o.a.j.e.StandardJMeterEngine: Thread will continue on error
2024-10-16 10:08:03,628 INFO o.a.j.t.ThreadGroup: Starting thread group... number=1 threads=10 ramp-up=10 delayedStart=false
2024-10-16 10:08:03,630 INFO o.a.j.t.JMeterThread: Thread started: GLDM 1-1
2024-10-16 10:08:03,632 INFO o.a.j.t.ThreadGroup: Started thread group number 1
2024-10-16 10:08:03,632 INFO o.a.j.e.StandardJMeterEngine: All thread groups have been started
2024-10-16 10:08:03,637 INFO o.a.j.p.h.s.HTTPHCAbstractImpl: Local host = WCAR-C647R3GH
2024-10-16 10:08:03,642 INFO o.a.j.p.h.s.HTTPHC4Impl: HTTP request retry count = 0
2024-10-16 10:08:04,085 INFO o.a.j.p.h.s.h.LazyLayeredConnectionSocketFactory: Setting up HTTPS TrustAll Socket Factory
2024-10-16 10:08:04,087 INFO o.a.j.u.JsseSSLManager: Using default SSL protocol: TLS
2024-10-16 10:08:04,087 INFO o.a.j.u.JsseSSLManager: SSL session context: per-thread
2024-10-16 10:08:04,149 INFO o.a.j.u.SSLManager: JmeterKeyStore Location:  type JKS
2024-10-16 10:08:04,150 INFO o.a.j.u.SSLManager: KeyStore created OK
2024-10-16 10:08:04,150 WARN o.a.j.u.SSLManager: Keystore file not found, loading empty keystore
2024-10-16 10:08:04,634 INFO o.a.j.t.JMeterThread: Thread started: GLDM 1-2
2024-10-16 10:08:05,634 INFO o.a.j.t.JMeterThread: Thread started: GLDM 1-3
2024-10-16 10:08:06,225 WARN o.a.j.r.ResultCollector: Error creating directories for /System/Volumes/Data/home/ab000541/Desktop/WCAR/amarok-gameday
2024-10-16 10:08:06,633 INFO o.a.j.t.JMeterThread: Thread started: GLDM 1-4
2024-10-16 10:08:07,634 INFO o.a.j.t.JMeterThread: Thread started: GLDM 1-5
2024-10-16 10:08:08,634 INFO o.a.j.t.JMeterThread: Thread started: GLDM 1-6
2024-10-16 10:08:09,126 WARN o.a.j.r.ResultCollector: Error creating directories for /System/Volumes/Data/home/ab000541/Desktop/WCAR/amarok-gameday
2024-10-16 10:08:09,218 INFO o.a.j.g.u.JMeterMenuBar: setRunning(true, *local*)
2024-10-16 10:08:09,246 INFO o.a.j.e.StandardJMeterEngine: Starting ThreadGroup: 1 : GLDM
2024-10-16 10:08:09,247 INFO o.a.j.e.StandardJMeterEngine: Starting 10 threads for group GLDM.
2024-10-16 10:08:09,247 INFO o.a.j.e.StandardJMeterEngine: Thread will continue on error
2024-10-16 10:08:09,247 INFO o.a.j.t.ThreadGroup: Starting thread group... number=1 threads=10 ramp-up=10 delayedStart=false
2024-10-16 10:08:09,248 INFO o.a.j.t.JMeterThread: Thread started: GLDM 1-1
2024-10-16 10:08:09,249 INFO o.a.j.t.ThreadGroup: Started thread group number 1
2024-10-16 10:08:09,249 INFO o.a.j.e.StandardJMeterEngine: All thread groups have been started
2024-10-16 10:08:09,634 INFO o.a.j.t.JMeterThread: Thread started: GLDM 1-7
2024-10-16 10:08:10,253 INFO o.a.j.t.JMeterThread: Thread started: GLDM 1-2
2024-10-16 10:08:10,633 INFO o.a.j.t.JMeterThread: Thread started: GLDM 1-8
2024-10-16 10:08:11,252 INFO o.a.j.t.JMeterThread: Thread started: GLDM 1-3
2024-10-16 10:08:11,629 INFO o.a.j.t.JMeterThread: Thread started: GLDM 1-9
2024-10-16 10:08:12,252 INFO o.a.j.t.JMeterThread: Thread started: GLDM 1-4
2024-10-16 10:08:12,635 INFO o.a.j.t.JMeterThread: Thread started: GLDM 1-10
2024-10-16 10:08:13,252 INFO o.a.j.t.JMeterThread: Thread started: GLDM 1-5
2024-10-16 10:08:14,252 INFO o.a.j.t.JMeterThread: Thread started: GLDM 1-6
2024-10-16 10:08:15,253 INFO o.a.j.t.JMeterThread: Thread started: GLDM 1-7
2024-10-16 10:08:16,252 INFO o.a.j.t.JMeterThread: Thread started: GLDM 1-8
2024-10-16 10:08:17,252 INFO o.a.j.t.JMeterThread: Thread started: GLDM 1-9
2024-10-16 10:08:18,251 INFO o.a.j.t.JMeterThread: Thread started: GLDM 1-10
2024-10-16 10:11:16,659 INFO o.a.j.r.ClassFinder: Will scan jar /opt/homebrew/Cellar/jmeter/5.6.3/libexec/lib/ext/jmeter-plugins-manager-1.9.jar with filter ExtendsClassFilter [parents=[interface org.apache.jmeter.visualizers.RequestView], inner=false, contains=null, notContains=null]. Consider exposing JMeter plugins via META-INF/services, and add JMeter-Skip-Class-Scanning=true manifest attribute so JMeter can skip classfile scanning
2024-10-16 10:23:03,691 INFO o.a.j.t.JMeterThread: Stopping because end time detected by thread: GLDM 1-5
2024-10-16 10:23:03,692 INFO o.a.j.t.JMeterThread: Thread finished: GLDM 1-5
2024-10-16 10:23:03,854 INFO o.a.j.t.JMeterThread: Stopping because end time detected by thread: GLDM 1-1
2024-10-16 10:23:03,855 INFO o.a.j.t.JMeterThread: Thread finished: GLDM 1-1
2024-10-16 10:23:03,898 INFO o.a.j.t.JMeterThread: Stopping because end time detected by thread: GLDM 1-4
2024-10-16 10:23:03,898 INFO o.a.j.t.JMeterThread: Thread finished: GLDM 1-4
2024-10-16 10:23:03,952 INFO o.a.j.t.JMeterThread: Stopping because end time detected by thread: GLDM 1-2
2024-10-16 10:23:03,952 INFO o.a.j.t.JMeterThread: Thread finished: GLDM 1-2
2024-10-16 10:23:03,964 INFO o.a.j.t.JMeterThread: Stopping because end time detected by thread: GLDM 1-9
2024-10-16 10:23:03,965 INFO o.a.j.t.JMeterThread: Thread finished: GLDM 1-9
2024-10-16 10:23:04,098 INFO o.a.j.t.JMeterThread: Stopping because end time detected by thread: GLDM 1-3
2024-10-16 10:23:04,099 INFO o.a.j.t.JMeterThread: Thread finished: GLDM 1-3
2024-10-16 10:23:04,179 INFO o.a.j.t.JMeterThread: Stopping because end time detected by thread: GLDM 1-8
2024-10-16 10:23:04,179 INFO o.a.j.t.JMeterThread: Thread finished: GLDM 1-8
2024-10-16 10:23:04,216 INFO o.a.j.t.JMeterThread: Stopping because end time detected by thread: GLDM 1-6
2024-10-16 10:23:04,217 INFO o.a.j.t.JMeterThread: Thread finished: GLDM 1-6
2024-10-16 10:23:04,726 INFO o.a.j.t.JMeterThread: Stopping because end time detected by thread: GLDM 1-7
2024-10-16 10:23:04,726 INFO o.a.j.t.JMeterThread: Stopping because end time detected by thread: GLDM 1-10
2024-10-16 10:23:04,726 INFO o.a.j.t.JMeterThread: Thread finished: GLDM 1-7
2024-10-16 10:23:04,726 INFO o.a.j.t.JMeterThread: Thread finished: GLDM 1-10
2024-10-16 10:23:04,728 INFO o.a.j.e.StandardJMeterEngine: Notifying test listeners of end of test
2024-10-16 10:23:04,729 INFO o.a.j.g.u.JMeterMenuBar: setRunning(false, *local*)
2024-10-16 10:23:09,285 INFO o.a.j.t.JMeterThread: Stopping because end time detected by thread: GLDM 1-6
2024-10-16 10:23:09,286 INFO o.a.j.t.JMeterThread: Thread finished: GLDM 1-6
2024-10-16 10:23:09,340 INFO o.a.j.t.JMeterThread: Stopping because end time detected by thread: GLDM 1-9
2024-10-16 10:23:09,340 INFO o.a.j.t.JMeterThread: Thread finished: GLDM 1-9
2024-10-16 10:23:09,400 INFO o.a.j.t.JMeterThread: Stopping because end time detected by thread: GLDM 1-4
2024-10-16 10:23:09,400 INFO o.a.j.t.JMeterThread: Thread finished: GLDM 1-4
2024-10-16 10:23:09,403 INFO o.a.j.t.JMeterThread: Stopping because end time detected by thread: GLDM 1-8
2024-10-16 10:23:09,404 INFO o.a.j.t.JMeterThread: Thread finished: GLDM 1-8
2024-10-16 10:23:09,418 INFO o.a.j.t.JMeterThread: Stopping because end time detected by thread: GLDM 1-5
2024-10-16 10:23:09,418 INFO o.a.j.t.JMeterThread: Thread finished: GLDM 1-5
2024-10-16 10:23:09,480 INFO o.a.j.t.JMeterThread: Stopping because end time detected by thread: GLDM 1-10
2024-10-16 10:23:09,481 INFO o.a.j.t.JMeterThread: Thread finished: GLDM 1-10
2024-10-16 10:23:09,714 INFO o.a.j.t.JMeterThread: Stopping because end time detected by thread: GLDM 1-7
2024-10-16 10:23:09,714 INFO o.a.j.t.JMeterThread: Thread finished: GLDM 1-7
2024-10-16 10:23:09,725 INFO o.a.j.t.JMeterThread: Stopping because end time detected by thread: GLDM 1-3
2024-10-16 10:23:09,725 INFO o.a.j.t.JMeterThread: Thread finished: GLDM 1-3
2024-10-16 10:23:09,743 INFO o.a.j.t.JMeterThread: Stopping because end time detected by thread: GLDM 1-1
2024-10-16 10:23:09,743 INFO o.a.j.t.JMeterThread: Thread finished: GLDM 1-1
2024-10-16 10:23:09,871 INFO o.a.j.t.JMeterThread: Stopping because end time detected by thread: GLDM 1-2
2024-10-16 10:23:09,872 INFO o.a.j.t.JMeterThread: Thread finished: GLDM 1-2
2024-10-16 10:23:09,873 INFO o.a.j.e.StandardJMeterEngine: Notifying test listeners of end of test
2024-10-16 10:23:09,873 INFO o.a.j.g.u.JMeterMenuBar: setRunning(false, *local*)
2024-10-16 10:24:31,016 WARN o.a.j.r.ResultCollector: /Users/ab000340/Desktop/gldm-summary-report is empty
2024-10-16 10:25:12,575 INFO o.a.j.r.ClassFinder: Will scan jar /opt/homebrew/Cellar/jmeter/5.6.3/libexec/lib/ext/jmeter-plugins-manager-1.9.jar with filter ExtendsClassFilter [parents=[interface org.apache.jmeter.visualizers.RequestView], inner=false, contains=null, notContains=null]. Consider exposing JMeter plugins via META-INF/services, and add JMeter-Skip-Class-Scanning=true manifest attribute so JMeter can skip classfile scanning
2024-10-16 10:25:22,852 INFO o.a.j.r.ClassFinder: Will scan jar /opt/homebrew/Cellar/jmeter/5.6.3/libexec/lib/ext/jmeter-plugins-manager-1.9.jar with filter ExtendsClassFilter [parents=[interface org.apache.jmeter.visualizers.RequestView], inner=false, contains=null, notContains=null]. Consider exposing JMeter plugins via META-INF/services, and add JMeter-Skip-Class-Scanning=true manifest attribute so JMeter can skip classfile scanning
